<?xml version="1.0" encoding="UTF-8"?>
<testsuite xmlns:xsi="http://www.w3.org/2001/XMLSchema-instance" xsi:noNamespaceSchemaLocation="https://maven.apache.org/surefire/maven-surefire-plugin/xsd/surefire-test-report.xsd" name="com.vodacom.challenge.RandomServiceTest" time="46.257" tests="5" errors="0" skipped="0" failures="0">
  <properties>
    <property name="sun.desktop" value="windows"/>
    <property name="awt.toolkit" value="sun.awt.windows.WToolkit"/>
    <property name="file.encoding.pkg" value="sun.io"/>
    <property name="java.specification.version" value="1.8"/>
    <property name="sun.cpu.isalist" value="amd64"/>
    <property name="sun.jnu.encoding" value="Cp1252"/>
    <property name="java.class.path" value="C:\Users\PC\Desktop\DeployV\APP\vodacom\vodacom\target\test-classes;C:\Users\PC\Desktop\DeployV\APP\vodacom\vodacom\target\classes;C:\Users\PC\.m2\repository\jakarta\platform\jakarta.jakartaee-api\8.0.0\jakarta.jakartaee-api-8.0.0.jar;C:\Users\PC\.m2\repository\javax\enterprise\cdi-api\2.0\cdi-api-2.0.jar;C:\Users\PC\.m2\repository\javax\el\javax.el-api\3.0.0\javax.el-api-3.0.0.jar;C:\Users\PC\.m2\repository\javax\interceptor\javax.interceptor-api\1.2\javax.interceptor-api-1.2.jar;C:\Users\PC\.m2\repository\javax\inject\javax.inject\1\javax.inject-1.jar;C:\Users\PC\.m2\repository\javax\ws\rs\javax.ws.rs-api\2.1\javax.ws.rs-api-2.1.jar;C:\Users\PC\.m2\repository\javax\json\bind\javax.json.bind-api\1.0\javax.json.bind-api-1.0.jar;C:\Users\PC\.m2\repository\javax\json\javax.json-api\1.1\javax.json-api-1.1.jar;C:\Users\PC\.m2\repository\javax\annotation\javax.annotation-api\1.3\javax.annotation-api-1.3.jar;C:\Users\PC\.m2\repository\org\eclipse\microprofile\config\microprofile-config-api\1.4\microprofile-config-api-1.4.jar;C:\Users\PC\.m2\repository\org\eclipse\microprofile\fault-tolerance\microprofile-fault-tolerance-api\2.1\microprofile-fault-tolerance-api-2.1.jar;C:\Users\PC\.m2\repository\org\osgi\org.osgi.annotation.versioning\1.0.0\org.osgi.annotation.versioning-1.0.0.jar;C:\Users\PC\.m2\repository\org\eclipse\microprofile\health\microprofile-health-api\2.2\microprofile-health-api-2.2.jar;C:\Users\PC\.m2\repository\org\eclipse\microprofile\metrics\microprofile-metrics-api\2.3\microprofile-metrics-api-2.3.jar;C:\Users\PC\.m2\repository\org\eclipse\microprofile\jwt\microprofile-jwt-auth-api\1.1\microprofile-jwt-auth-api-1.1.jar;C:\Users\PC\.m2\repository\org\eclipse\microprofile\openapi\microprofile-openapi-api\1.1\microprofile-openapi-api-1.1.jar;C:\Users\PC\.m2\repository\org\eclipse\microprofile\rest\client\microprofile-rest-client-api\1.4.0\microprofile-rest-client-api-1.4.0.jar;C:\Users\PC\.m2\repository\org\eclipse\microprofile\opentracing\microprofile-opentracing-api\1.3\microprofile-opentracing-api-1.3.jar;C:\Users\PC\.m2\repository\com\jamonapi\jamon\2.81\jamon-2.81.jar;C:\Users\PC\.m2\repository\com\hazelcast\hazelcast-all\3.2.5\hazelcast-all-3.2.5.jar;C:\Users\PC\.m2\repository\net\sourceforge\findbugs\annotations\1.3.2\annotations-1.3.2.jar;C:\Users\PC\.m2\repository\junit\junit\4.13\junit-4.13.jar;C:\Users\PC\.m2\repository\org\hamcrest\hamcrest-core\1.3\hamcrest-core-1.3.jar;"/>
    <property name="java.vm.vendor" value="Oracle Corporation"/>
    <property name="sun.arch.data.model" value="64"/>
    <property name="user.variant" value=""/>
    <property name="java.vendor.url" value="http://java.oracle.com/"/>
    <property name="user.timezone" value="Africa/Harare"/>
    <property name="java.vm.specification.version" value="1.8"/>
    <property name="os.name" value="Windows 10"/>
    <property name="user.country" value="US"/>
    <property name="sun.java.launcher" value="SUN_STANDARD"/>
    <property name="sun.boot.library.path" value="C:\Program Files\Java\jdk1.8.0_231\jre\bin"/>
    <property name="sun.java.command" value="C:\Users\PC\AppData\Local\Temp\surefire4276377562174269616\surefirebooter5309191177139097096.jar C:\Users\PC\AppData\Local\Temp\surefire4276377562174269616 2020-06-05T13-32-34_806-jvmRun1 surefire761943783710728554tmp surefire_08685141721464938128tmp"/>
    <property name="surefire.test.class.path" value="C:\Users\PC\Desktop\DeployV\APP\vodacom\vodacom\target\test-classes;C:\Users\PC\Desktop\DeployV\APP\vodacom\vodacom\target\classes;C:\Users\PC\.m2\repository\jakarta\platform\jakarta.jakartaee-api\8.0.0\jakarta.jakartaee-api-8.0.0.jar;C:\Users\PC\.m2\repository\javax\enterprise\cdi-api\2.0\cdi-api-2.0.jar;C:\Users\PC\.m2\repository\javax\el\javax.el-api\3.0.0\javax.el-api-3.0.0.jar;C:\Users\PC\.m2\repository\javax\interceptor\javax.interceptor-api\1.2\javax.interceptor-api-1.2.jar;C:\Users\PC\.m2\repository\javax\inject\javax.inject\1\javax.inject-1.jar;C:\Users\PC\.m2\repository\javax\ws\rs\javax.ws.rs-api\2.1\javax.ws.rs-api-2.1.jar;C:\Users\PC\.m2\repository\javax\json\bind\javax.json.bind-api\1.0\javax.json.bind-api-1.0.jar;C:\Users\PC\.m2\repository\javax\json\javax.json-api\1.1\javax.json-api-1.1.jar;C:\Users\PC\.m2\repository\javax\annotation\javax.annotation-api\1.3\javax.annotation-api-1.3.jar;C:\Users\PC\.m2\repository\org\eclipse\microprofile\config\microprofile-config-api\1.4\microprofile-config-api-1.4.jar;C:\Users\PC\.m2\repository\org\eclipse\microprofile\fault-tolerance\microprofile-fault-tolerance-api\2.1\microprofile-fault-tolerance-api-2.1.jar;C:\Users\PC\.m2\repository\org\osgi\org.osgi.annotation.versioning\1.0.0\org.osgi.annotation.versioning-1.0.0.jar;C:\Users\PC\.m2\repository\org\eclipse\microprofile\health\microprofile-health-api\2.2\microprofile-health-api-2.2.jar;C:\Users\PC\.m2\repository\org\eclipse\microprofile\metrics\microprofile-metrics-api\2.3\microprofile-metrics-api-2.3.jar;C:\Users\PC\.m2\repository\org\eclipse\microprofile\jwt\microprofile-jwt-auth-api\1.1\microprofile-jwt-auth-api-1.1.jar;C:\Users\PC\.m2\repository\org\eclipse\microprofile\openapi\microprofile-openapi-api\1.1\microprofile-openapi-api-1.1.jar;C:\Users\PC\.m2\repository\org\eclipse\microprofile\rest\client\microprofile-rest-client-api\1.4.0\microprofile-rest-client-api-1.4.0.jar;C:\Users\PC\.m2\repository\org\eclipse\microprofile\opentracing\microprofile-opentracing-api\1.3\microprofile-opentracing-api-1.3.jar;C:\Users\PC\.m2\repository\com\jamonapi\jamon\2.81\jamon-2.81.jar;C:\Users\PC\.m2\repository\com\hazelcast\hazelcast-all\3.2.5\hazelcast-all-3.2.5.jar;C:\Users\PC\.m2\repository\net\sourceforge\findbugs\annotations\1.3.2\annotations-1.3.2.jar;C:\Users\PC\.m2\repository\junit\junit\4.13\junit-4.13.jar;C:\Users\PC\.m2\repository\org\hamcrest\hamcrest-core\1.3\hamcrest-core-1.3.jar;"/>
    <property name="sun.cpu.endian" value="little"/>
    <property name="user.home" value="C:\Users\PC"/>
    <property name="user.language" value="en"/>
    <property name="java.specification.vendor" value="Oracle Corporation"/>
    <property name="java.home" value="C:\Program Files\Java\jdk1.8.0_231\jre"/>
    <property name="basedir" value="C:\Users\PC\Desktop\DeployV\APP\vodacom\vodacom"/>
    <property name="file.separator" value="\"/>
    <property name="line.separator" value="&#10;"/>
    <property name="java.vm.specification.vendor" value="Oracle Corporation"/>
    <property name="java.specification.name" value="Java Platform API Specification"/>
    <property name="java.awt.graphicsenv" value="sun.awt.Win32GraphicsEnvironment"/>
    <property name="surefire.real.class.path" value="C:\Users\PC\AppData\Local\Temp\surefire4276377562174269616\surefirebooter5309191177139097096.jar"/>
    <property name="sun.boot.class.path" value="C:\Program Files\Java\jdk1.8.0_231\jre\lib\resources.jar;C:\Program Files\Java\jdk1.8.0_231\jre\lib\rt.jar;C:\Program Files\Java\jdk1.8.0_231\jre\lib\sunrsasign.jar;C:\Program Files\Java\jdk1.8.0_231\jre\lib\jsse.jar;C:\Program Files\Java\jdk1.8.0_231\jre\lib\jce.jar;C:\Program Files\Java\jdk1.8.0_231\jre\lib\charsets.jar;C:\Program Files\Java\jdk1.8.0_231\jre\lib\jfr.jar;C:\Program Files\Java\jdk1.8.0_231\jre\classes"/>
    <property name="user.script" value=""/>
    <property name="sun.management.compiler" value="HotSpot 64-Bit Tiered Compilers"/>
    <property name="java.runtime.version" value="1.8.0_231-b11"/>
    <property name="user.name" value="PC"/>
    <property name="path.separator" value=";"/>
    <property name="os.version" value="10.0"/>
    <property name="java.endorsed.dirs" value="C:\Program Files\Java\jdk1.8.0_231\jre\lib\endorsed"/>
    <property name="java.runtime.name" value="Java(TM) SE Runtime Environment"/>
    <property name="file.encoding" value="Cp1252"/>
    <property name="java.vm.name" value="Java HotSpot(TM) 64-Bit Server VM"/>
    <property name="localRepository" value="C:\Users\PC\.m2\repository"/>
    <property name="java.vendor.url.bug" value="http://bugreport.sun.com/bugreport/"/>
    <property name="java.io.tmpdir" value="C:\Users\PC\AppData\Local\Temp\"/>
    <property name="java.version" value="1.8.0_231"/>
    <property name="user.dir" value="C:\Users\PC\Desktop\DeployV\APP\vodacom\vodacom"/>
    <property name="os.arch" value="amd64"/>
    <property name="java.vm.specification.name" value="Java Virtual Machine Specification"/>
    <property name="java.awt.printerjob" value="sun.awt.windows.WPrinterJob"/>
    <property name="sun.os.patch.level" value=""/>
    <property name="java.library.path" value="C:\Program Files\Java\jdk1.8.0_231\jre\bin;C:\WINDOWS\Sun\Java\bin;C:\WINDOWS\system32;C:\WINDOWS;C:\Program Files (x86)\Common Files\Oracle\Java\javapath;C:\WINDOWS\system32;C:\WINDOWS;C:\WINDOWS\System32\Wbem;C:\WINDOWS\System32\WindowsPowerShell\v1.0\;C:\WINDOWS\System32\OpenSSH\;C:\Program Files\Java\jdk1.8.0_231\bin;C:\Program Files\Microsoft SQL Server\120\Tools\Binn\;C:\Program Files\Microsoft SQL Server\Client SDK\ODBC\110\Tools\Binn\;C:\Program Files (x86)\Microsoft SQL Server\120\Tools\Binn\;C:\Program Files\Microsoft SQL Server\120\DTS\Binn\;C:\Program Files (x86)\Microsoft SQL Server\120\Tools\Binn\ManagementStudio\;C:\Program Files (x86)\Microsoft SQL Server\120\DTS\Binn\;C:\Program Files\Microsoft SQL Server\130\Tools\Binn\;C:\Program Files\Microsoft SQL Server\Client SDK\ODBC\170\Tools\Binn\;C:\Program Files\nodejs\;C:\Program Files\dotnet\;C:\Program Files\PuTTY\;C:\Program Files\Docker\Docker\resources\bin;C:\ProgramData\DockerDesktop\version-bin;C:\Program Files\apache-maven-3.6.3\bin;C:\Program Files\Git\cmd;C:\Users\PC\AppData\Local\Microsoft\WindowsApps;C:\Users\PC\AppData\Local\Programs\Microsoft VS Code\bin;C:\Users\PC\.dotnet\tools;C:\Users\PC\AppData\Roaming\npm;C:\Users\PC\AppData\Local\GitHubDesktop\bin;C:\Users\PC\Documents\flutter_windows_v1.12.13 SDK\flutter\bin;;C:\Program Files\JetBrains\IntelliJ IDEA 2020.1.1\bin;;."/>
    <property name="java.vm.info" value="mixed mode"/>
    <property name="java.vendor" value="Oracle Corporation"/>
    <property name="java.vm.version" value="25.231-b11"/>
    <property name="java.ext.dirs" value="C:\Program Files\Java\jdk1.8.0_231\jre\lib\ext;C:\WINDOWS\Sun\Java\lib\ext"/>
    <property name="sun.io.unicode.encoding" value="UnicodeLittle"/>
    <property name="java.class.version" value="52.0"/>
  </properties>
  <testcase name="random" classname="com.vodacom.challenge.RandomServiceTest" time="46.164"/>
  <testcase name="pending" classname="com.vodacom.challenge.RandomServiceTest" time="0.003"/>
  <testcase name="stats" classname="com.vodacom.challenge.RandomServiceTest" time="0.003"/>
  <testcase name="history" classname="com.vodacom.challenge.RandomServiceTest" time="0.003"/>
  <testcase name="random1" classname="com.vodacom.challenge.RandomServiceTest" time="0.006"/>
</testsuite>